0 info it worked if it ends with ok
1 verbose cli [ 'node', '/usr/local/bin/npm', 'install', 'tidy' ]
2 info using npm@1.1.65
3 info using node@v0.8.14
4 verbose read json /Users/Tito/Code/JS/mgn-client-admin/package.json
5 verbose read json /Users/Tito/Code/JS/mgn-client-admin/node_modules/brunch/package.json
6 verbose read json /Users/Tito/Code/JS/mgn-client-admin/node_modules/chai/package.json
7 verbose read json /Users/Tito/Code/JS/mgn-client-admin/node_modules/clean-css-brunch/package.json
8 verbose read json /Users/Tito/Code/JS/mgn-client-admin/node_modules/coffee-script-brunch/package.json
9 verbose read json /Users/Tito/Code/JS/mgn-client-admin/node_modules/css-brunch/package.json
10 verbose read json /Users/Tito/Code/JS/mgn-client-admin/node_modules/express/package.json
11 verbose read json /Users/Tito/Code/JS/mgn-client-admin/node_modules/handlebars-brunch/package.json
12 verbose read json /Users/Tito/Code/JS/mgn-client-admin/node_modules/javascript-brunch/package.json
13 verbose read json /Users/Tito/Code/JS/mgn-client-admin/node_modules/sinon/package.json
14 verbose read json /Users/Tito/Code/JS/mgn-client-admin/node_modules/sinon-chai/package.json
15 verbose read json /Users/Tito/Code/JS/mgn-client-admin/node_modules/statik/package.json
16 verbose read json /Users/Tito/Code/JS/mgn-client-admin/node_modules/stylus-brunch/package.json
17 verbose read json /Users/Tito/Code/JS/mgn-client-admin/node_modules/uglify-js-brunch/package.json
18 verbose from cache /Users/Tito/Code/JS/mgn-client-admin/package.json
19 verbose readDependencies using package.json deps
20 verbose cache add [ 'tidy', null ]
21 silly cache add name=undefined spec="tidy" args=["tidy",null]
22 verbose parsed url { pathname: 'tidy', path: 'tidy', href: 'tidy' }
23 silly lockFile a78fb138-tidy tidy
24 verbose lock tidy /Users/Tito/.npm/a78fb138-tidy.lock
25 silly lockFile a78fb138-tidy tidy
26 verbose addNamed [ 'tidy', '' ]
27 verbose addNamed [ null, '' ]
28 silly lockFile 1b083149-tidy tidy@
29 verbose lock tidy@ /Users/Tito/.npm/1b083149-tidy.lock
30 silly addNameRange { name: 'tidy', range: '', hasData: false }
31 verbose url raw tidy
32 verbose url resolving [ 'https://registry.npmjs.org/', './tidy' ]
33 verbose url resolved https://registry.npmjs.org/tidy
34 info trying registry request attempt 1 at 10:05:54
35 verbose etag "4CJGD8378IF7WWU0FQIEA7QHN"
36 http GET https://registry.npmjs.org/tidy
37 http 304 https://registry.npmjs.org/tidy
38 silly registry.get cb [ 304,
38 silly registry.get   { server: 'CouchDB/1.2.0 (Erlang OTP/R15B)',
38 silly registry.get     etag: '"4CJGD8378IF7WWU0FQIEA7QHN"',
38 silly registry.get     date: 'Tue, 18 Dec 2012 09:04:57 GMT',
38 silly registry.get     'content-length': '0' } ]
39 verbose etag tidy from cache
40 silly addNameRange number 2 { name: 'tidy', range: '', hasData: true }
41 silly addNameRange versions [ 'tidy', [ '0.0.1' ] ]
42 verbose addNamed [ 'tidy', '0.0.1' ]
43 verbose addNamed [ '0.0.1', '0.0.1' ]
44 silly lockFile e3f81bf4-tidy-0-0-1 tidy@0.0.1
45 verbose lock tidy@0.0.1 /Users/Tito/.npm/e3f81bf4-tidy-0-0-1.lock
46 verbose read json /Users/Tito/.npm/tidy/0.0.1/package/package.json
47 warn package.json tidy@0.0.1 No README.md file found!
48 silly lockFile e3f81bf4-tidy-0-0-1 tidy@0.0.1
49 silly lockFile 1b083149-tidy tidy@
50 silly resolved [ { name: 'tidy',
50 silly resolved     version: '0.0.1',
50 silly resolved     scripts:
50 silly resolved      { preinstall: 'node-waf configure && node-waf clean build',
50 silly resolved        preuninstall: 'rm -rf build/*' },
50 silly resolved     main: 'tidy.js',
50 silly resolved     description: 'a binding to the tidy html library',
50 silly resolved     dependencies: { jsdom: 'latest' },
50 silly resolved     author: { name: 'Martyn Garcia', email: 'martyn.garcia@gmail.com' },
50 silly resolved     _id: 'tidy@0.0.1',
50 silly resolved     readme: 'ERROR: No README.md file found!',
50 silly resolved     _from: 'tidy' } ]
51 info install tidy@0.0.1 into /Users/Tito/Code/JS/mgn-client-admin
52 info installOne tidy@0.0.1
53 verbose from cache /Users/Tito/.npm/tidy/0.0.1/package/package.json
54 info /Users/Tito/Code/JS/mgn-client-admin/node_modules/tidy unbuild
55 verbose read json /Users/Tito/Code/JS/mgn-client-admin/node_modules/tidy/package.json
56 verbose tar unpack /Users/Tito/.npm/tidy/0.0.1/package.tgz
57 silly lockFile ee8e364f-n-client-admin-node-modules-tidy /Users/Tito/Code/JS/mgn-client-admin/node_modules/tidy
58 verbose lock /Users/Tito/Code/JS/mgn-client-admin/node_modules/tidy /Users/Tito/.npm/ee8e364f-n-client-admin-node-modules-tidy.lock
59 silly gunzTarPerm modes [ '755', '644' ]
60 silly gunzTarPerm extractEntry package.json
61 silly gunzTarPerm extractEntry jquery-1.6.2.min.js
62 silly gunzTarPerm extractEntry test_jsdom.js
63 silly gunzTarPerm extractEntry test_tidy.js
64 silly gunzTarPerm extractEntry tidy.js
65 silly gunzTarPerm extractEntry config
66 silly gunzTarPerm extractEntry engadget_article.html
67 silly gunzTarPerm extractEntry node_tidy.cc
68 silly gunzTarPerm extractEntry wscript
69 verbose read json /Users/Tito/Code/JS/mgn-client-admin/node_modules/tidy/package.json
70 silly lockFile ee8e364f-n-client-admin-node-modules-tidy /Users/Tito/Code/JS/mgn-client-admin/node_modules/tidy
71 info preinstall tidy@0.0.1
72 verbose unsafe-perm in lifecycle false
73 verbose set uid from=0 to=501
74 silly exec sh "-c" "node-waf configure && node-waf clean build"
75 silly sh,-c,node-waf configure && node-waf clean build,/Users/Tito/Code/JS/mgn-client-admin/node_modules/tidy spawning
76 info tidy@0.0.1 Failed to exec preinstall script
77 info /Users/Tito/Code/JS/mgn-client-admin/node_modules/tidy unbuild
78 verbose from cache /Users/Tito/Code/JS/mgn-client-admin/node_modules/tidy/package.json
79 info preuninstall tidy@0.0.1
80 verbose unsafe-perm in lifecycle false
81 verbose set uid from=0 to=501
82 silly exec sh "-c" "rm -rf build/*"
83 silly sh,-c,rm -rf build/*,/Users/Tito/Code/JS/mgn-client-admin/node_modules/tidy spawning
84 info uninstall tidy@0.0.1
85 verbose true,/Users/Tito/Code/JS/mgn-client-admin/node_modules,/Users/Tito/Code/JS/mgn-client-admin/node_modules unbuild tidy@0.0.1
86 info postuninstall tidy@0.0.1
87 error tidy@0.0.1 preinstall: `node-waf configure && node-waf clean build`
87 error `sh "-c" "node-waf configure && node-waf clean build"` failed with 1
88 error Failed at the tidy@0.0.1 preinstall script.
88 error This is most likely a problem with the tidy package,
88 error not with npm itself.
88 error Tell the author that this fails on your system:
88 error     node-waf configure && node-waf clean build
88 error You can get their info via:
88 error     npm owner ls tidy
88 error There is likely additional logging output above.
89 error System Darwin 12.2.1
90 error command "node" "/usr/local/bin/npm" "install" "tidy"
91 error cwd /Users/Tito/Code/JS/mgn-client-admin
92 error node -v v0.8.14
93 error npm -v 1.1.65
94 error code ELIFECYCLE
95 verbose exit [ 1, true ]
