|~> Crowling AFJV at http://www.afjv.com/afjv_rss.xml...
|~> Crawling News at http://www.afjv.com/news/2960_les-mobiles-revolutionnent-l-industrie-du-jeu-video.htm...
|~> Crawled image at http://www.afjv.com/2013/10/ontario_canada.png
|~> Crawling News at http://www.afjv.com/news/2959_ouatch-tv-une-nouvelle-chaine-de-tv-high-tech-grand-public.htm...
|~> Crawled image at http://www.afjv.com/2013/10/131004_benjamin_vincent_ouatch_tv.jpg
|~> Crawling News at http://www.afjv.com/news/2958_mad-catz-annonce-des-produits-gaming-sous-licence-titanfall.htm...
|~> Crawled image at http://www.afjv.com/2013/10/131004_titanfall.jpg
|~> Crawling News at http://www.afjv.com/rp/revue_presse?rp=925...
|~> Crawled image at http://www.afjv.com/img/logo2/afjv_800px.png
|~> Crawling News at http://www.afjv.com/news/2957_olivier-comte-est-nomme-directeur-general-du-groupe-ankama.htm...
|~> Crawled image at http://www.afjv.com/2013/10/131004_olivier_comte.jpg
|~> Crowling Gamasutra at http://feeds.feedburner.com/GamasutraSmartphoneTabletNews...
|~> Crawling News at http://www.gamasutra.com/blogs/DanTaylor/20131006/197209/Ten_Principles_of_Good_Level_Design_Part_2.php...
|~> WARNING: Could NOT find image to crowl for news at http://www.gamasutra.com/blogs/DanTaylor/20131006/197209/Ten_Principles_of_Good_Level_Design_Part_2.php.
|~> Crawling News at http://www.gamasutra.com/view/news/201652/How_embattled_BlackBerry_intends_to_entice_mobile_game_devs.php...
|~> Crawled image at http://www.gamasutra.com/db_area/images/news/2013/Oct/201652/blackberry.jpg
|~> Crawling News at http://www.gamasutra.com/view/news/201636/New_ADC_talks_Denim_Group_on_security_Dreamkind_on_education.php...
|~> Crawled image at http://www.gamasutra.com/db_area/images/news/2013/Oct/201636/app security icon.png
|~> Crawling News at http://www.gamasutra.com/view/news/201623/Reminder_IGF_2014_Main_Competition_deadline_is_in_two_weeks.php...
|~> Crawled image at http://www.gamasutra.com/db_area/images/news/2013/Oct/201623/igf-image.jpg
|~> Crawling News at http://www.gamasutra.com/view/news/201698/Whats_the_point_of_a_mobile_game_publisher.php...
|~> Crawled image at http://www.gamasutra.com/db_area/images/news/2013/Oct/201698/ed rumley.jpeg
|~> Crowling PocketGamer.co.uk at http://feeds.feedburner.com/PocketGamerLatestAdditionsipod...
|~> Crawling News at http://www.pocketgamer.co.uk/r/iPod/Heroes+of+Loot/news.asp?c=53127...
|~> Crawled image at http://www.pocketgamer.co.uk/artwork/imgthumbs/na-flom/heroes-loot-ios-1.jpg
|~> Crawling News at http://www.pocketgamer.co.uk/r/iPod/Pocket+Gamer/news.asp?c=46356...
|~> Crawled image at http://www.pocketgamer.co.uk/artwork/imgthumbs/na-ddyq/pg_movember.jpg
|~> Crawling News at http://www.pocketgamer.co.uk/r/iPod/Electric+Tentacle/review.asp?c=45417...
|~> Crawled image at http://www.pocketgamer.co.uk/artwork/imgthumbs/na-dfrpr/ios_unit9_electric_tentacle_05.jpg
|~> Crawling News at http://www.pocketgamer.co.uk/r/iPod/Pocket+Gamer/news.asp?c=43626...
|~> Crawled image at http://www.pocketgamer.co.uk/artwork/imgthumbs/na-kuz/pg_uk_logo_stck_black.jpg
|~> Crawling News at http://www.pocketgamer.co.uk/r/iPod/Sony+Xperia+S/feature.asp?c=43448...
|~> Crawled image at http://www.pocketgamer.co.uk/artwork/imgthumbs/na-pdzr/sony-xperia-s-1.jpg
|~> Crowling PocketGamer.co.uk at http://feeds.feedburner.com/PocketGamerLatestAdditionsiphone...
|~> Crawling News at http://www.pocketgamer.co.uk/r/iPhone/Quality+Index/feature.asp?c=54250...
|~> Crawled image at http://www.pocketgamer.co.uk/artwork/imgthumbs/na-fjfb/quality-index_logo_176.jpg
|~> Crawling News at http://www.pocketgamer.co.uk/r/iPhone/Pocket+Gamer/feature.asp?c=54256...
|~> Crawled image at http://www.pocketgamer.co.uk/artwork/imgthumbs/na-pjqq/pocketgamerlogo.jpg
|~> Crawling News at http://www.pocketgamer.co.uk/r/iPhone/PocketGamerbiz/news.asp?c=54277...
|~> Crawled image at http://www.pocketgamer.co.uk/artwork/imgthumbs/na-ztrsye/pgbiz_weekthatwas.jpg
|~> Crawling News at http://www.pocketgamer.co.uk/r/iPhone/FIFA+14/feature.asp?c=54200...
|~> Crawled image at http://www.pocketgamer.co.uk/artwork/imgthumbs/na-mqxo/fifa-tricks-main.jpg
|~> Crowled application id 639816646 for news at http://www.pocketgamer.co.uk/r/iPhone/FIFA+14/feature.asp?c=54200
|~> WARNING: Could not get application information from iTunes API. Application id was 639816646
|~> Crawling News at http://www.pocketgamer.co.uk/r/iPhone/Choose+a+company+Call+to+Arms/news.asp?c=54284...
|~> Crawled image at http://www.pocketgamer.co.uk/artwork/imgthumbs/na-rmdl/iOS_Gree_Call_to_Arms_02.jpg
|~> Crowling PocketGamer.co.uk at http://feeds.feedburner.com/PocketGamerLatestAdditionsipad...
|~> Crawling News at http://www.pocketgamer.co.uk/r/iPad/Quality+Index/feature.asp?c=54250...
|~> Crawled image at http://www.pocketgamer.co.uk/artwork/imgthumbs/na-fjfb/quality-index_logo_176.jpg
|~> WARNING: Could not save the news because it is a duplicate
|~> Crawling News at http://www.pocketgamer.co.uk/r/iPad/Pocket+Gamer/feature.asp?c=54256...
|~> Crawled image at http://www.pocketgamer.co.uk/artwork/imgthumbs/na-pjqq/pocketgamerlogo.jpg
|~> WARNING: Could not save the news because it is a duplicate
|~> Crawling News at http://www.pocketgamer.co.uk/r/iPad/PocketGamerbiz/news.asp?c=54277...
|~> Crawled image at http://www.pocketgamer.co.uk/artwork/imgthumbs/na-ztrsye/pgbiz_weekthatwas.jpg
|~> WARNING: Could not save the news because it is a duplicate
|~> Crawling News at http://www.pocketgamer.co.uk/r/iPad/FIFA+14/feature.asp?c=54200...
|~> Crawled image at http://www.pocketgamer.co.uk/artwork/imgthumbs/na-mqxo/fifa-tricks-main.jpg
|~> Crowled application id 639816646 for news at http://www.pocketgamer.co.uk/r/iPad/FIFA+14/feature.asp?c=54200
|~> WARNING: Could not get application information from iTunes API. Application id was 639816646
|~> WARNING: Could not save the news because it is a duplicate
|~> Crawling News at http://www.pocketgamer.co.uk/r/iPad/Choose+a+company+Call+to+Arms/news.asp?c=54284...
|~> Crawled image at http://www.pocketgamer.co.uk/artwork/imgthumbs/na-rmdl/iOS_Gree_Call_to_Arms_02.jpg
|~> WARNING: Could not save the news because it is a duplicate
|~> Crowling Inside Mobile Apps at http://feeds.feedburner.com/InsideMobileApps...
|~> Crawling News at http://www.insidemobileapps.com/2013/10/05/the-inside-network-job-board-wb-games-sf-12-gigs-expect-labs-and-more-2/...
|~> Crawled image at http://www.insidemobileapps.com/wp-content/uploads/2013/07/JOBIMA.jpg
|~> Crawling News at http://www.insidemobileapps.com/2013/10/04/gamevil-announces-acquisition-of-com2us/...
|~> Crawled image at http://www.insidemobileapps.com/wp-content/uploads/2013/10/gamevil-304.png
|~> WARNING: Could not save the news.
|~> Crawling News at http://www.insidemobileapps.com/2013/10/04/nhl-looks-to-mobile-gaming-to-expand-leagues-growth/...
|~> Crawled image at http://www.insidemobileapps.com/wp-content/uploads/2013/10/nhl_304.jpg
|~> WARNING: Could not save the news.
|~> Crawling News at http://www.insidemobileapps.com/2013/10/04/music-streaming-service-rdio-makes-personalized-stations-free-on-ios-android/...
|~> Crawled image at http://www.insidemobileapps.com/wp-content/uploads/2013/10/rdio-304.png
|~> WARNING: Could not save the news.
|~> Crawling News at http://www.insidemobileapps.com/2013/10/04/pennypop-enters-the-puzzle-battle-arena-with-battle-camp-on-ios/...
|~> Crawled image at http://www.insidemobileapps.com/wp-content/uploads/2013/10/battle-camp-304.png
|~> WARNING: Could not save the news.
|~> Crowling App Spy at http://www.appspy.com/rss/news...
|~> Crawling News at http://www.appspy.com/news/7751/the-question...
|~> WARNING: Could NOT find image to crowl for news at http://www.appspy.com/news/7751/the-question.
|~> Crawling News at http://www.appspy.com/news/7750/through-the-hoop...
|~> WARNING: Could NOT find image to crowl for news at http://www.appspy.com/news/7750/through-the-hoop.
|~> Crawling News at http://www.appspy.com/news/7749/massteroid...
|~> WARNING: Could NOT find image to crowl for news at http://www.appspy.com/news/7749/massteroid.
|~> Crawling News at http://www.appspy.com/news/7745/modern-combat-5-delayed-till-2014...
|~> WARNING: Could NOT find image to crowl for news at http://www.appspy.com/news/7745/modern-combat-5-delayed-till-2014.
|~> Crawling News at http://www.appspy.com/news/7744/boyz-big-bang...
|~> WARNING: Could NOT find image to crowl for news at http://www.appspy.com/news/7744/boyz-big-bang.
|~> Crowling App Spy at http://www.appspy.com/rss/reviews...
|~> Crawling News at http://www.appspy.com/review/7746/tec-3001...
|~> WARNING: Could NOT find image to crowl for news at http://www.appspy.com/review/7746/tec-3001.
|~> Crawling News at http://www.appspy.com/review/7743/drop-that-candy...
|~> WARNING: Could NOT find image to crowl for news at http://www.appspy.com/review/7743/drop-that-candy.
|~> Crawling News at http://www.appspy.com/review/7742/incredipede...
|~> WARNING: Could NOT find image to crowl for news at http://www.appspy.com/review/7742/incredipede.
|~> WARNING: Could not save the news because it is a duplicate
|~> Crawling News at http://www.appspy.com/review/7737/boson-x...
|~> WARNING: Could NOT find image to crowl for news at http://www.appspy.com/review/7737/boson-x.
|~> Crawling News at http://www.appspy.com/review/7729/orborun...
|~> WARNING: Could NOT find image to crowl for news at http://www.appspy.com/review/7729/orborun.
|~> Crowling App Spy at http://www.appspy.com/rss/features...
|~> Crawling News at http://www.appspy.com/feature/7748/the-junk-jack-x-files-case-2...
|~> WARNING: Could NOT find image to crowl for news at http://www.appspy.com/feature/7748/the-junk-jack-x-files-case-2.
|~> Crawling News at http://www.appspy.com/feature/7736/tiny-thief-competition...
|~> WARNING: Could NOT find image to crowl for news at http://www.appspy.com/feature/7736/tiny-thief-competition.
|~> Crawling News at http://www.appspy.com/feature/7735/the-question...
|~> WARNING: Could NOT find image to crowl for news at http://www.appspy.com/feature/7735/the-question.
|~> WARNING: Could not save the news because it is a duplicate
|~> Crawling News at http://www.appspy.com/feature/7730/the-answer...
|~> WARNING: Could NOT find image to crowl for news at http://www.appspy.com/feature/7730/the-answer.
|~> Crawling News at http://www.appspy.com/feature/7728/news-wrapup-27th-september-2013...
|~> WARNING: Could NOT find image to crowl for news at http://www.appspy.com/feature/7728/news-wrapup-27th-september-2013.
|~> Crowling IGN at http://feeds.ign.com/ign/wireless-all...
|~> Crawling News at http://www.ign.com/articles/2013/10/04/app-store-update-october-4-3...
|~> Crawled image at http://assets2.ignimgs.com/2013/10/04/gunnerzoctober4jpg-e95238_400w.jpg
|~> Crawling News at http://www.ign.com/articles/2013/10/04/meet-the-original-voice-of-apples-siri...
|~> Crawled image at http://assets1.ignimgs.com/2013/10/04/bennettsirijpg-883e9c_400w.jpg
|~> Crawling News at http://www.ign.com/articles/2013/10/04/microsoft-reportedly-wants-windows-phone-on-htc-android-devices...
|~> Crawled image at http://assets1.ignimgs.com/2013/10/04/htc-one-wpjpg-883e71_400w.jpg
|~> Crawling News at http://www.ign.com/articles/2013/10/04/ign-free-game-of-the-month-breach-clear...
|~> Crawled image at http://assets1.ignimgs.com/2013/10/04/breachandclear610png-e9521c_400w.png
|~> Crawling News at http://www.ign.com/articles/2013/10/04/tiny-death-star-announced...
|~> Crawled image at http://assets1.ignimgs.com/2013/10/04/i-8m6p36fpng-e9521a_400w.png
|~> Crowling iPhoneSoft at http://feeds.feedburner.com/IphoneSoft...
|~> Crawling News at http://iphonesoft.fr/2013/10/06/photographier-des-silhouettes-avec-l-iphone...
|~> Crawled image at http://iphonesoft.fr/images/appstore/653121289/camera-noir-ae--icon.png
|~> Crawling News at http://iphonesoft.fr/2013/10/06/une-nouvelle-methode-pour-contourner-touch-id...
|~> Crawled image at http://iphonesoft.fr/images/_112012/iphone-5s-icon.png
|~> Crawling News at http://iphonesoft.fr/2013/10/06/tour-paris-13-sur-ipad-la-plus-grande-exposition-collective-de-street-art-jamais-imaginee...
|~> Crawled image at http://iphonesoft.fr/images/appstore/705355157/tour-paris-13-icon.png
|~> Crawling News at http://iphonesoft.fr/2013/10/06/le-recap-de-la-semaine-apple-plus-puissant-que-coca-et-google-manette-logitech-bugs-d-imessage...
|~> Crawled image at http://iphonesoft.fr/images/_082011/recap-semaine-iphonesoft.png
|~> Crawling News at http://iphonesoft.fr/2013/10/06/le-recap-cydia-et-jailbreak-de-la-semaine-du-29-septembre-au-5-octobre...
|~> Crawled image at http://iphonesoft.fr/images/_102011/recap-semaine-cydia.png
|~> Crowling Kotaku at http://feeds.gawker.com/kotaku/full...
|~> Crawling News at http://kotaku.com.feedsportal.com/c/34981/f/647169/s/32241a57/sc/5/l/0Lkotaku0N0Cuniqlo0Efolds0Et0Eshirts0Ebetter0Ethan0Eyou0Edo0E1441912169/story01.htm...
|~> Crawled image at http://img.gawkerassets.com/img/192fyg1r89ubgjpg/k-bigpic.jpg
|~> Crawling News at http://kotaku.com.feedsportal.com/c/34981/f/647169/s/3220904a/sc/38/l/0Lkotaku0N0Ci0Ealways0Emention0Eit0Ewhenever0Eit0Ecomes0Eup0Ebut0Ecall0Eof0Ed0E1441810A228/story01.htm...
|~> Crawled image at http://kinja.com/assets/images/logos/touchicons/kotaku-touch-icon-200x200.png
|~> Crawling News at http://kotaku.com.feedsportal.com/c/34981/f/647169/s/322086f2/sc/15/l/0Lkotaku0N0Cxbox0Eones0Etop0Emarketer0Ebrags0Eto0Eadvertisers0Eabout0Ekine0E144180A7229/story01.htm...
|~> Crawled image at http://img.gawkerassets.com/img/18xtjyhlalelojpg/k-bigpic.jpg
|~> Crawling News at http://kotaku.com.feedsportal.com/c/34981/f/647169/s/32203cf4/sc/8/l/0Lkotaku0N0Credbox0Erobber0Elooted0Ekiosks0Efor0Etwo0Eyears0Ebefore0Ebein0E1441794531/story01.htm...
|~> Crawled image at http://img.gawkerassets.com/img/192ef615xs781jpg/k-bigpic.jpg
|~> Crawling News at http://kotaku.com.feedsportal.com/c/34981/f/647169/s/321ffd3d/sc/4/l/0Lkotaku0N0Chttp0Ewww0Eyoutube0Ecom0Ewatch0Ev0Eqirrm5nie540Eborderlands0E1441784937/story01.htm...
|~> Crawled image at http://img.gawkerassets.com/img/192eb96cjdfuxjpg/k-bigpic.jpg
|~> Crowling PocketGamer.biz at http://www.pocketgamer.biz/rss.asp...
|~> Crawling News at http://www.pocketgamer.biz/r/PG%2EBiz/Adways+news/news.asp?c=54181...
|~> Crawled image at http://www.pocketgamer.biz/artwork/thumbs/na-vkfvnp_adways-ken-asakura_jpg_176.jpg
|~> Crawling News at http://www.pocketgamer.biz/r/PG%2EBiz/PocketGamer%2Ebiz/news.asp?c=54273...
|~> Crawled image at http://www.pocketgamer.biz/artwork/thumbs/na-yewys_pgbiz_hotfive_jpg_176.jpg
|~> Crawling News at http://www.pocketgamer.biz/r/Various/Quality+Index/feature.asp?c=54250...
|~> Crawled image at http://www.pocketgamer.biz/artwork/thumbs/na-fjfb_quality-index_logo_176_jpg_176.jpg
|~> WARNING: Could not save the news because it is a duplicate
|~> Crawling News at http://www.pocketgamer.biz/r/PG%2EBiz/Reading+List/feature.asp?c=54282...
|~> Crawled image at http://www.pocketgamer.biz/artwork/thumbs/na-txwgdj_reading-list_jpg_176.jpg
|~> Crawling News at http://www.pocketgamer.biz/r/Various/PocketGamer%2Ebiz/news.asp?c=54277...
|~> Crawled image at http://www.pocketgamer.biz/artwork/thumbs/na-ztrsye_pgbiz_weekthatwas_jpg_176.jpg
|~> WARNING: Could not save the news because it is a duplicate
|~> Crowling 148 Apps at http://feeds.feedburner.com/148apps...
|~> Crawling News at http://www.148apps.com/news/week-148apps-september-30october-4-2013/...
|~> WARNING: Could NOT find image to crowl for news at http://www.148apps.com/news/week-148apps-september-30october-4-2013/.
|~> Crawling News at http://www.148apps.com/reviews/stars-savior-review/...
|~> WARNING: Could NOT find image to crowl for news at http://www.148apps.com/reviews/stars-savior-review/.
|~> Crawling News at http://www.148apps.com/reviews/battlehorn-review/...
|~> WARNING: Could NOT find image to crowl for news at http://www.148apps.com/reviews/battlehorn-review/.
|~> Crawling News at http://www.148apps.com/news/canada-gt-racing-2/...
|~> WARNING: Could NOT find image to crowl for news at http://www.148apps.com/news/canada-gt-racing-2/.
|~> Crawling News at http://www.148apps.com/reviews/buddy-vampire-review/...
|~> WARNING: Could NOT find image to crowl for news at http://www.148apps.com/reviews/buddy-vampire-review/.
|~> Crowling Slide To Play at http://feeds.feedburner.com/slidetoplay...
|~> Crawling News at http://www.slidetoplay.com/news/the-50-best-game-series-on-ios-sky-gamblers/...
|~> WARNING: Could NOT find image to crowl for news at http://www.slidetoplay.com/news/the-50-best-game-series-on-ios-sky-gamblers/.
|~> Crawling News at http://www.slidetoplay.com/news/disney-and-nimblebit-reveal-tiny-death-star/...
|~> WARNING: Could NOT find image to crowl for news at http://www.slidetoplay.com/news/disney-and-nimblebit-reveal-tiny-death-star/.
|~> Crawling News at http://www.slidetoplay.com/news/playstation-app-releasing-with-ps4-launch/...
|~> WARNING: Could NOT find image to crowl for news at http://www.slidetoplay.com/news/playstation-app-releasing-with-ps4-launch/.
|~> Crawling News at http://www.slidetoplay.com/news/under-the-radar-october-4-2013/...
|~> WARNING: Could NOT find image to crowl for news at http://www.slidetoplay.com/news/under-the-radar-october-4-2013/.
|~> Crawling News at http://www.slidetoplay.com/news/the-50-best-game-series-on-ios-wheres-my-water/...
|~> WARNING: Could NOT find image to crowl for news at http://www.slidetoplay.com/news/the-50-best-game-series-on-ios-wheres-my-water/.
|~> Crowling Slide To Play at ...
|~> Crowling Joystiq at feed://www.joystiq.com/mobile/rss.xml...
