0 info it worked if it ends with ok
1 verbose cli [ '/Users/Pierre/.nvm/v0.8.16/bin/node',
1 verbose cli   '/Users/Pierre/.nvm/v0.8.16/bin/npm',
1 verbose cli   'install' ]
2 info using npm@1.1.69
3 info using node@v0.8.16
4 verbose read json /Users/Pierre/chugulu/mgn/GM5_Crawler/package.json
5 error install Couldn't read dependencies
6 error Error: ENOENT, open '/Users/Pierre/chugulu/mgn/GM5_Crawler/package.json'
7 error If you need help, you may report this log at:
7 error     <http://github.com/isaacs/npm/issues>
7 error or email it to:
7 error     <npm-@googlegroups.com>
8 error System Darwin 12.5.0
9 error command "/Users/Pierre/.nvm/v0.8.16/bin/node" "/Users/Pierre/.nvm/v0.8.16/bin/npm" "install"
10 error cwd /Users/Pierre/chugulu/mgn/GM5_Crawler
11 error node -v v0.8.16
12 error npm -v 1.1.69
13 error path /Users/Pierre/chugulu/mgn/GM5_Crawler/package.json
14 error code ENOENT
15 error errno 34
16 verbose exit [ 34, true ]
